[20:30:34] [main/INFO]: Loading Minecraft 1.16.5 with Fabric Loader 0.14.7
[20:30:34] [main/INFO]: Loading 68 mods:
	- architectury 1.32.63
	- autoconfig1u 3.3.1
	- carpet 1.4.44
	- carpet-extra 1.4.43
	- carpet-redcraft-addons 1.4.34
	- carpet-tctc-addition 1.1.8+7ca1ba3
	- carpet-tis-addition 1.37.0
	- cloth-basic-math 0.6.1 via cloth-config2
	- cloth-client-events-v0 1.6.59 via roughlyenoughitems
	- cloth-config2 4.14.64
	- conditional-mixin 0.3.0 via carpet-tis-addition
	- croptopia 1.4.0
	- fabric 0.42.0+1.16
	- fabric-api-base 0.4.0+3cc0f0907d via fabric
	- fabric-api-lookup-api-v1 1.3.1+3cc0f0907d via fabric
	- fabric-biome-api-v1 3.1.13+3cc0f0907d via fabric
	- fabric-command-api-v1 1.1.3+3cc0f0907d via fabric
	- fabric-commands-v0 0.2.3+3cc0f0907d via fabric
	- fabric-containers-v0 0.1.12+3cc0f0907d via fabric
	- fabric-content-registries-v0 0.2.5+3cc0f0907d via fabric
	- fabric-crash-report-info-v1 0.1.4+3cc0f0907d via fabric
	- fabric-dimensions-v1 2.0.8+3cc0f0907d via fabric
	- fabric-entity-events-v1 1.2.4+3cc0f0907d via fabric
	- fabric-events-interaction-v0 0.4.5+3cc0f0907d via fabric
	- fabric-events-lifecycle-v0 0.2.2+3cc0f0907d via fabric
	- fabric-game-rule-api-v1 1.0.7+3cc0f0907d via fabric
	- fabric-item-api-v1 1.2.2+3cc0f0907d via fabric
	- fabric-item-groups-v0 0.3.1+3cc0f0907d via fabric
	- fabric-lifecycle-events-v1 1.2.2+3cc0f0907d via fabric
	- fabric-loot-tables-v1 1.0.3+3cc0f0907d via fabric
	- fabric-mining-levels-v0 0.1.4+3cc0f0907d via fabric
	- fabric-networking-api-v1 1.0.5+3cc0f0907d via fabric
	- fabric-networking-blockentity-v0 0.2.9+3cc0f0907d via fabric
	- fabric-networking-v0 0.3.3+3cc0f0907d via fabric
	- fabric-object-builder-api-v1 1.9.6+3cc0f0907d via fabric
	- fabric-object-builders-v0 0.7.3+3cc0f0907d via fabric
	- fabric-particles-v1 0.2.5+3cc0f0907d via fabric
	- fabric-registry-sync-v0 0.7.6+3cc0f0907d via fabric
	- fabric-rendering-data-attachment-v1 0.1.6+3cc0f0907d via fabric
	- fabric-rendering-fluids-v1 0.1.15+3cc0f0907d via fabric
	- fabric-resource-loader-v0 0.4.8+3cc0f0907d via fabric
	- fabric-screen-handler-api-v1 1.1.6+3cc0f0907d via fabric
	- fabric-structure-api-v1 1.1.12+3cc0f0907d via fabric
	- fabric-tag-extensions-v0 1.1.2+3cc0f0907d via fabric
	- fabric-tool-attribute-api-v1 1.2.8+3cc0f0907d via fabric
	- fabric-transfer-api-v1 1.5.0+3cc0f0907d via fabric
	- fabricloader 0.14.7
	- ferritecore 2.1.0
	- fiber 0.23.0-2 via patchouli
	- flytre_lib 0.2.11
	- goldenhoppers 1.0.2
	- hopperoptimizations-lithium 0.6.4
	- improved-stations 2.0.3
	- ivan-carpet-addition 2.1.0
	- java 16
	- krypton 0.1.2
	- lazydfu 0.1.2
	- minecraft 1.16.5
	- mo_glass 1.5-MC1.16.5
	- moreberries 1.3.6
	- org_yaml_snakeyaml 1.30 via carpet-tis-addition
	- patchouli 1.16.4-53-FABRIC
	- roughlyenoughitems 5.12.385
	- roughlyenoughitems-api 5.12.385 via roughlyenoughitems
	- roughlyenoughitems-default-plugin 5.12.385 via roughlyenoughitems
	- roughlyenoughitems-runtime 5.12.385 via roughlyenoughitems
	- torcherino 14.0.1
	- woodenhoppers 1.0.0
[20:30:34] [main/INFO]: SpongePowered MIXIN Subsystem Version=0.8.5 Source=file:/D:/minecraft/ChaChaServer/server/libraries/net/fabricmc/sponge-mixin/0.11.4+mixin.0.8.5/sponge-mixin-0.11.4+mixin.0.8.5.jar Service=Knot/Fabric Env=SERVER
[20:30:35] [main/INFO]: Loaded configuration file for Lithium: 80 options available, 1 override(s) found
[20:30:37] [main/WARN]: Force-disabling mixin 'world.player_chunk_tick.ThreadedAnvilChunkStorageMixin' as rule 'mixin.world.player_chunk_tick' (added by mods [krypton]) disables it and children
[20:30:42] [main/INFO]: Using Java 9+ class definer
[20:30:50] [main/INFO]: Starting provider: Item Tags
[20:30:50] [main/INFO]: Item Tags finished after 2 ms
[20:30:50] [main/INFO]: All providers took: 4 ms
[20:30:51] [main/INFO]: Compression will use Java 11, encryption will use Java
[20:30:52] [TISCM Mapping/INFO]: Yarn mapping file yarn-1.16.5+build.10-v2.tiny loaded
[20:30:52] [main/INFO]: Ivan Carpet Addition 2.1.0 loaded
[20:30:52] [main/INFO]: Thank you for using ICA!
[20:30:52] [main/INFO]: ICA is open source, u can find it here: https://github.com/Ivan-1F/Ivan-Carpet-Addition
[20:30:52] [main/INFO]: ICA is still in development, it may not work well
[20:30:52] [main/INFO]: If u find any bug, please report them here: https://github.com/Ivan-1F/Ivan-Carpet-Addition/issues
[20:30:52] [main/INFO]: Krypton is now accelerating your Minecraft server's networking stack ?
[20:30:52] [main/INFO]: [STDOUT]: Starting Mo Glass...
[20:30:53] [main/INFO]: Environment: authHost='https://authserver.mojang.com', accountsHost='https://api.mojang.com', sessionHost='https://sessionserver.mojang.com', servicesHost='https://api.minecraftservices.com', name='PROD'
[20:30:54] [main/WARN]: Ambiguity between arguments [teleport, destination] and [teleport, targets] with inputs: [Player, 0123, @e, dd12be42-52a9-4a91-a8a1-11c01849e498]
[20:30:54] [main/WARN]: Ambiguity between arguments [teleport, location] and [teleport, destination] with inputs: [0.1 -0.5 .9, 0 0 0]
[20:30:54] [main/WARN]: Ambiguity between arguments [teleport, location] and [teleport, targets] with inputs: [0.1 -0.5 .9, 0 0 0]
[20:30:54] [main/WARN]: Ambiguity between arguments [teleport, targets] and [teleport, destination] with inputs: [Player, 0123, dd12be42-52a9-4a91-a8a1-11c01849e498]
[20:30:54] [main/WARN]: Ambiguity between arguments [teleport, targets, location] and [teleport, targets, destination] with inputs: [0.1 -0.5 .9, 0 0 0]
[20:30:55] [main/INFO]: Reloading ResourceManager: Default, Fabric Mods (Croptopia, Fabric Tool Attribute API (v1), Golden Hoppers, Improved Stations, Mo Glass, More Berries, Patchouli, Torcherino, Wooden Hoppers), RedPack - Quartz Stonecutter.zip, RedPack - Craftable Tall Grass.zip, RedPack - Craftable Large Fern.zip, RedPack - Fast Redstone Crafting.zip, RedPack - Red Sandstone to Red Sand.zip, RedPack - Enderman No Grief.zip, RedPack - Red Sandstone Crafting Compatibility.zip, RedPack - Wood Stonecutter.zip, RedPack - Craftable Corals.zip, RedPack - Husk Drops Sand.zip, RedPack - Craftable Colored Blocks.zip, RedPack - Craftable Dead Bushes.zip, RedPack - Craftable Shulker Shells.zip, RedPack - Craftable Player Heads.zip, RedPack - Craftable Elytra.zip, RedPack - Red Sandstone Stonecutter.zip, RedPack - Craftable Cobwebs.zip, RedPack - Quartz Crafting Compatibility.zip, RedPack - Slab to Full Block.zip, RedPack - Craftable Quartz.zip, RedPack - Sandstone Stonecutter.zip, RedPack - Craftable Bricks.zip, RedPack - Craftable Ice.zip, RedPack - Craftable Packed Ice.zip, RedPack - Sandstone to Sand.zip, RedPack - Sandstone Crafting Compatibility.zip, RedPack - Craftable Stripped Wood.zip, RedPack - Better Armor Stands.zip
[20:30:57] [Worker-Main-6/INFO]: Loaded 7 recipes
[20:30:58] [Worker-Main-6/INFO]: Loaded 1579 advancements
[20:30:59] [main/INFO]: Applied 121 biome modifications to 28 of 79 new biomes in 31.76 ms
[20:30:59] [Server thread/INFO]: Starting minecraft server version 1.16.5
[20:30:59] [Server thread/INFO]: Loading properties
[20:30:59] [Server thread/INFO]: Default game type: SURVIVAL
[20:30:59] [Server thread/INFO]: Generating keypair
[20:31:00] [Server thread/INFO]: Starting Minecraft server on *:25565
[20:31:00] [Server thread/INFO]: Using default channel type
[20:31:00] [Server thread/WARN]: **** SERVER IS RUNNING IN OFFLINE/INSECURE MODE!
[20:31:00] [Server thread/WARN]: The server will make no attempt to authenticate usernames. Beware.
[20:31:00] [Server thread/WARN]: While this makes the game possible to play without internet access, it also opens up the ability for hackers to connect with any username they choose.
[20:31:00] [Server thread/WARN]: To change this, set "online-mode" to "true" in the server.properties file.
[20:31:00] [Server thread/INFO]: Preparing level "world"
[20:31:00] [Server thread/INFO]: [CM]: loaded setting dispensersFireDragonBreath as true from carpet.conf
[20:31:00] [Server thread/INFO]: [CM]: loaded setting tooledTNT as true from carpet.conf
[20:31:00] [Server thread/INFO]: [CM]: loaded setting hopperMinecartItemTransfer as true from carpet.conf
[20:31:00] [Server thread/INFO]: [CM]: loaded setting renewableDragonHead as true from carpet.conf
[20:31:00] [Server thread/INFO]: [CM]: loaded setting hopperNoItemCost as true from carpet.conf
[20:31:00] [Server thread/INFO]: [CM]: loaded setting language as zh_cn from carpet.conf
[20:31:00] [Server thread/INFO]: [CM]: loaded setting fogOff as true from carpet.conf
[20:31:00] [Server thread/INFO]: [CM]: loaded setting renewableWitherSkeletons as true from carpet.conf
[20:31:00] [Server thread/INFO]: [CM]: loaded setting spiderJockeysDropGapples as 100 from carpet.conf
[20:31:00] [Server thread/INFO]: [CM]: loaded setting creativeOpenContainerForcibly as true from carpet.conf
[20:31:00] [Server thread/INFO]: [CM]: loaded setting betterBonemeal as true from carpet.conf
[20:31:00] [Server thread/INFO]: [CM]: loaded setting dragonEggBedrockBreaking as true from carpet.conf
[20:31:00] [Server thread/INFO]: [CM]: loaded setting mobInFireConvertsSandToSoulsand as true from carpet.conf
[20:31:00] [Server thread/INFO]: [CM]: loaded setting renewableLava as true from carpet.conf
[20:31:00] [Server thread/INFO]: [CM]: loaded setting y0DragonEggBedrockBreaking as true from carpet.conf
[20:31:00] [Server thread/INFO]: [CM]: loaded setting creeperDropCompletely as true from carpet.conf
[20:31:00] [Server thread/INFO]: [CM]: loaded setting commandSpawn as true from carpet.conf
[20:31:00] [Server thread/INFO]: [CM]: loaded setting shulkerSpawningInEndCities as true from carpet.conf
[20:31:00] [Server thread/INFO]: [CM]: loaded setting largeBarrel as true from carpet.conf
[20:31:00] [Server thread/INFO]: [CM]: loaded setting stackableShulkerBoxes as true from carpet.conf
[20:31:00] [Server thread/INFO]: [CM]: loaded setting onePlayerSleeping as true from carpet.conf
[20:31:00] [Server thread/INFO]: [CM]: loaded setting unbreakableHelmetInSunlight as true from carpet.conf
[20:31:00] [Server thread/INFO]: [CM]: loaded setting functionalSpongeItem as true from carpet.conf
[20:31:00] [Server thread/INFO]: [CM]: loaded setting smoothClientAnimations as true from carpet.conf
[20:31:00] [Server thread/INFO]: [CM]: loaded setting persistentParrots as true from carpet.conf
[20:31:00] [Server thread/INFO]: [CM]: loaded setting synchronizedLightThread as true from carpet.conf
[20:31:00] [Server thread/INFO]: [CM]: loaded setting blockStateSyncing as true from carpet.conf
[20:31:00] [Server thread/INFO]: [CM]: loaded setting wetSpongeAbsorbLava as true from carpet.conf
[20:31:00] [Server thread/INFO]: [CM]: loaded setting clientSettingsLostOnRespawnFix as true from carpet.conf
[20:31:00] [Server thread/INFO]: [CM]: loaded setting cauldronBlockItemInteractFix as true from carpet.conf
[20:31:00] [Server thread/INFO]: [CM]: loaded setting editableSign as true from carpet.conf
[20:31:00] [Server thread/INFO]: [CM]: loaded setting dispensersPlayRecords as true from carpet.conf
[20:31:00] [Server thread/INFO]: [CM]: loaded setting endLightningRod as true from carpet.conf
[20:31:00] [Server thread/INFO]: [CM]: loaded setting ctrlQCraftingFix as true from carpet.conf
[20:31:00] [Server thread/INFO]: [CM]: loaded setting endermitesInconsistencyFix as true from carpet.conf
[20:31:00] [Server thread/INFO]: [CM]: loaded setting xpTrackingDistance as 32.0 from carpet.conf
[20:31:00] [Server thread/INFO]: [CM]: loaded setting optimizedFastEntityMovement as true from carpet.conf
[20:31:00] [Server thread/INFO]: [CM]: loaded setting renewableSoulSand as true from carpet.conf
[20:31:00] [Server thread/INFO]: [CM]: loaded setting enchantCommandNoRestriction as true from carpet.conf
[20:31:00] [Server thread/INFO]: [CM]: loaded setting dragonsBreathConvertsCobbleToEndstone as true from carpet.conf
[20:31:00] [Server thread/INFO]: [CM]: loaded setting renewableElytra as 1.0 from carpet.conf
[20:31:00] [Server thread/INFO]: [CM]: loaded setting updateSuppressionCrashFix as true from carpet.conf
[20:31:00] [Server thread/INFO]: [CM]: loaded setting reloadSuffocationFix as true from carpet.conf
[20:31:00] [Server thread/INFO]: [CM]: loaded setting optimizedHardHitBoxEntityCollision as true from carpet.conf
[20:31:00] [Server thread/INFO]: [CM]: loaded setting emptyShulkerBoxStackAlways as true from carpet.conf
[20:31:00] [Server thread/INFO]: [CM]: loaded setting farmlandTrampledDisabled as true from carpet.conf
[20:31:01] [Server thread/INFO]: [CM]: loaded setting commandOperator as 4 from carpet.conf
[20:31:01] [Server thread/INFO]: [CM]: loaded setting flowerPotChunkLoading as true from carpet.conf
[20:31:01] [Server thread/INFO]: [CM]: loaded setting fireChargeConvertsToNetherrack as true from carpet.conf
[20:31:01] [Server thread/INFO]: [CM]: loaded setting blazeMeal as true from carpet.conf
[20:31:01] [Server thread/INFO]: [CM]: loaded setting renewableSand as true from carpet.conf
[20:31:01] [Server thread/INFO]: [CM]: loaded setting renewableDragonEgg as true from carpet.conf
[20:31:01] [Server thread/INFO]: [CM]: loaded setting flippinCactus as true from carpet.conf
[20:31:01] [Server thread/INFO]: [CM]: loaded setting lagFreeSpawning as true from carpet.conf
[20:31:01] [Netty Server IO #1/WARN]: Method overwrite conflict for getLanguage in carpet-tis-addition.mixins.json:translations.ClientSettingsC2SPacketAccessor from mod carpet-tis-addition, previously written by carpet.mixins.ClientSettingsC2SPacket_scarpetMixin. Skipping method.
[20:31:02] [Server thread/INFO]: Preparing start region for dimension minecraft:overworld
[20:31:04] [Server thread/INFO]: Preparing spawn area: 0%
[20:31:04] [Server thread/INFO]: Preparing spawn area: 0%
[20:31:04] [Server thread/INFO]: Preparing spawn area: 0%
[20:31:04] [Server thread/INFO]: Preparing spawn area: 0%
[20:31:04] [Server thread/INFO]: Preparing spawn area: 0%
[20:31:04] [Server thread/INFO]: Preparing spawn area: 52%
[20:31:05] [Server thread/INFO]: Time elapsed: 2880 ms
[20:31:05] [Server thread/WARN]: Ambiguity between arguments [teleport, destination] and [teleport, targets] with inputs: [Player, 0123, @e, dd12be42-52a9-4a91-a8a1-11c01849e498]
[20:31:05] [Server thread/WARN]: Ambiguity between arguments [teleport, location] and [teleport, destination] with inputs: [0.1 -0.5 .9, 0 0 0]
[20:31:05] [Server thread/WARN]: Ambiguity between arguments [teleport, location] and [teleport, targets] with inputs: [0.1 -0.5 .9, 0 0 0]
[20:31:05] [Server thread/WARN]: Ambiguity between arguments [teleport, targets] and [teleport, destination] with inputs: [Player, 0123, dd12be42-52a9-4a91-a8a1-11c01849e498]
[20:31:05] [Server thread/WARN]: Ambiguity between arguments [teleport, targets, location] and [teleport, targets, destination] with inputs: [0.1 -0.5 .9, 0 0 0]
[20:31:05] [Server thread/INFO]: Reloading ResourceManager: Default, Fabric Mods (Croptopia, Fabric Tool Attribute API (v1), Golden Hoppers, Improved Stations, Mo Glass, More Berries, Patchouli, Torcherino, Wooden Hoppers)
[20:31:05] [Server thread/INFO]: Loaded 7 recipes
[20:31:06] [Server thread/INFO]: Loaded 947 advancements
[20:31:07] [Server thread/WARN]: Ambiguity between arguments [teleport, destination] and [teleport, targets] with inputs: [Player, 0123, @e, dd12be42-52a9-4a91-a8a1-11c01849e498]
[20:31:07] [Server thread/WARN]: Ambiguity between arguments [teleport, location] and [teleport, destination] with inputs: [0.1 -0.5 .9, 0 0 0]
[20:31:07] [Server thread/WARN]: Ambiguity between arguments [teleport, location] and [teleport, targets] with inputs: [0.1 -0.5 .9, 0 0 0]
[20:31:07] [Server thread/WARN]: Ambiguity between arguments [teleport, targets] and [teleport, destination] with inputs: [Player, 0123, dd12be42-52a9-4a91-a8a1-11c01849e498]
[20:31:07] [Server thread/WARN]: Ambiguity between arguments [teleport, targets, location] and [teleport, targets, destination] with inputs: [0.1 -0.5 .9, 0 0 0]
[20:31:07] [Server thread/INFO]: Reloading ResourceManager: Default, Fabric Mods (Croptopia, Fabric Tool Attribute API (v1), Golden Hoppers, Improved Stations, Mo Glass, More Berries, Patchouli, Torcherino, Wooden Hoppers), RedPack - Quartz Stonecutter.zip, RedPack - Craftable Tall Grass.zip, RedPack - Craftable Large Fern.zip, RedPack - Fast Redstone Crafting.zip, RedPack - Red Sandstone to Red Sand.zip, RedPack - Enderman No Grief.zip, RedPack - Red Sandstone Crafting Compatibility.zip, RedPack - Wood Stonecutter.zip, RedPack - Craftable Corals.zip, RedPack - Husk Drops Sand.zip, RedPack - Craftable Colored Blocks.zip, RedPack - Craftable Dead Bushes.zip, RedPack - Craftable Shulker Shells.zip, RedPack - Craftable Player Heads.zip, RedPack - Craftable Elytra.zip, RedPack - Red Sandstone Stonecutter.zip, RedPack - Craftable Cobwebs.zip, RedPack - Quartz Crafting Compatibility.zip, RedPack - Slab to Full Block.zip, RedPack - Craftable Quartz.zip, RedPack - Sandstone Stonecutter.zip, RedPack - Craftable Bricks.zip, RedPack - Craftable Ice.zip, RedPack - Craftable Packed Ice.zip, RedPack - Sandstone to Sand.zip, RedPack - Sandstone Crafting Compatibility.zip, RedPack - Craftable Stripped Wood.zip, RedPack - Better Armor Stands.zip
[20:31:08] [Server thread/INFO]: Loaded 7 recipes
[20:31:08] [Server thread/INFO]: Loaded 1579 advancements
[20:31:09] [Server thread/INFO]: App placeableplants loaded in 53 ms
[20:31:09] [Server thread/INFO]: App colorableshulkers loaded in 9 ms
[20:31:09] [Server thread/WARN]: 'entity_load_handler() with single argument callback' is deprecated and soon will be removed. Please consult the docs for their replacement
[20:31:09] [Server thread/INFO]: 'entity_load_handler() with single argument callback' is deprecated and soon will be removed. Please consult the docs for their replacement
[20:31:09] [Server thread/INFO]: App dragoneggrespawns loaded in 77 ms
[20:31:09] [Server thread/WARN]: 'entity_load_handler() with single argument callback' is deprecated and soon will be removed. Please consult the docs for their replacement
[20:31:09] [Server thread/INFO]: 'entity_load_handler() with single argument callback' is deprecated and soon will be removed. Please consult the docs for their replacement
[20:31:09] [Server thread/INFO]: Error while evaluating expression: 
 HERE>> entity_load_handler('glow_item_frame', '_check_custom_drop');
for(entity_list('glow_item_frame'), _check_custom_drop(_))
glow_item_frame is not a valid entity descriptor in betteritemframes at line 42, pos 1
[20:31:09] [Server thread/INFO]: Failed to add betteritemframes app
[20:31:09] [Server thread/INFO]: App villagerleash loaded in 5 ms
[20:31:09] [Server thread/INFO]: App playerme loaded in 81 ms
[20:31:09] [Server thread/INFO]: App crumbleconcrete loaded in 6 ms
[20:31:09] [Server thread/INFO]: App horsestats loaded in 5 ms
[20:31:09] [Server thread/WARN]: 'entity_load_handler() with single argument callback' is deprecated and soon will be removed. Please consult the docs for their replacement
[20:31:09] [Server thread/INFO]: 'entity_load_handler() with single argument callback' is deprecated and soon will be removed. Please consult the docs for their replacement
[20:31:09] [Server thread/INFO]: App morewanderingtrades loaded in 18 ms
[20:31:09] [Server thread/INFO]: App silkyblockstates loaded in 21 ms
[20:31:09] [Server thread/INFO]: App prunedplants loaded in 6 ms
[20:31:09] [Server thread/INFO]: App lastdeathcompass loaded in 5 ms
[20:31:09] [Server thread/INFO]: App specialnametags loaded in 11 ms
[20:31:09] [Server thread/INFO]: App locateplayer loaded in 9 ms
[20:31:09] [Server thread/WARN]: 'reading or modifying an objective's criterion with scoreboard_add' is deprecated and soon will be removed. Please consult the docs for their replacement
[20:31:09] [Server thread/INFO]: 'reading or modifying an objective's criterion with scoreboard_add' is deprecated and soon will be removed. Please consult the docs for their replacement
[20:31:09] [Server thread/INFO]: App graves loaded in 17 ms
[20:31:09] [Server thread/INFO]: App skull loaded in 44 ms
[20:31:09] [Server thread/INFO]: App sitanywhere loaded in 10 ms
[20:31:09] [Server thread/INFO]: App waystone loaded in 15 ms
[20:31:09] [Server thread/INFO]: App treecapitator loaded in 23 ms
[20:31:09] [Server thread/INFO]: App ropes loaded in 129 ms
[20:31:09] [Server thread/INFO]: App floatingladders loaded in 5 ms
[20:31:09] [Server thread/INFO]: App revivecoral loaded in 4 ms
[20:31:09] [Server thread/WARN]: 'reading or modifying an objective's criterion with scoreboard_add' is deprecated and soon will be removed. Please consult the docs for their replacement
[20:31:09] [Server thread/INFO]: 'reading or modifying an objective's criterion with scoreboard_add' is deprecated and soon will be removed. Please consult the docs for their replacement
[20:31:09] [Server thread/INFO]: App stats loaded in 18 ms
[20:31:09] [Server thread/INFO]: App timebar loaded in 4 ms
[20:31:09] [Server thread/INFO]: Done (8.810s)! For help, type "help"
[20:31:13] [Server thread/INFO]: zwhzwh[/127.0.0.1:55956] logged in with entity id 91 at (-1259.5511449977182, 69.0, 1189.4849714229144)
[20:31:13] [Server thread/INFO]: zwhzwh joined the game
[20:31:13] [Netty Server IO #5/INFO]: Player zwhzwh joined with a matching carpet client
[20:31:14] [Server thread/INFO]: AT_Studio[/127.0.0.1:55957] logged in with entity id 96 at (-372.69999998807907, 71.0, 487.69626763696823)
[20:31:14] [Server thread/INFO]: AT_Studio joined the game
[20:31:14] [Netty Server IO #6/INFO]: Player AT_Studio joined with a matching carpet client
[20:31:34] [Server thread/INFO]: zwhzwh has made the advancement [Diamonds!]
[20:31:34] [Server thread/INFO]: [AT_Studio: Gave 16 [Diamond] to zwhzwh]
[20:31:40] [Server thread/WARN]: Mismatch in destroy block pos: class_2338{x=-380, y=71, z=485} class_2338{x=-380, y=72, z=485}
[20:32:29] [Server thread/WARN]: Mismatch in destroy block pos: class_2338{x=-380, y=71, z=493} class_2338{x=-381, y=73, z=494}
[20:32:52] [Server thread/WARN]: Mismatch in destroy block pos: class_2338{x=-378, y=72, z=492} class_2338{x=-377, y=71, z=491}
[20:37:06] [Server thread/INFO]: [AT_Studio: Set own game mode to Creative Mode]
[20:37:50] [Server thread/INFO]: [AT_Studio: Set own game mode to Survival Mode]
[20:38:53] [Server thread/INFO]: [AT_Studio: Set own game mode to Creative Mode]
[20:39:20] [Server thread/INFO]: Kitsune_A[/127.0.0.1:56592] logged in with entity id 2915 at (-1142.6915086017023, 64.0, 1312.3052525061955)
[20:39:20] [Server thread/INFO]: Kitsune_A joined the game
[20:39:22] [Netty Server IO #8/INFO]: Player Kitsune_A joined with a matching carpet client
[20:39:48] [Server thread/INFO]: [AT_Studio: Set own game mode to Survival Mode]
[20:41:41] [Server thread/WARN]: Mismatch in destroy block pos: class_2338{x=-356, y=71, z=484} class_2338{x=-360, y=78, z=481}
[20:41:41] [Server thread/WARN]: Mismatch in destroy block pos: class_2338{x=-356, y=71, z=484} class_2338{x=-360, y=78, z=481}
[20:41:41] [Server thread/WARN]: Mismatch in destroy block pos: class_2338{x=-356, y=71, z=484} class_2338{x=-360, y=78, z=481}
[20:41:41] [Server thread/WARN]: Mismatch in destroy block pos: class_2338{x=-356, y=71, z=484} class_2338{x=-360, y=78, z=481}
[20:45:56] [Server thread/INFO]: AT_Studio @ 主世界 [-373, 71, 491] [V] [X] [T] [P] -> [-46, 8, 61]
[20:46:07] [Server thread/INFO]: <AT_Studio> 快来挖冰
[20:46:12] [Server thread/INFO]: <AT_Studio> 有报酬
[20:46:32] [Server thread/INFO]: <Kitsune_A> 你直接把我tp过去不就行了
[20:46:43] [Server thread/INFO]: [AT_Studio: Teleported AT_Studio to Kitsune_A]
[20:46:57] [Server thread/INFO]: [AT_Studio: Teleported AT_Studio to -372.5, 71.0, 491.5]
[20:46:57] [Server thread/WARN]: AT_Studio moved too quickly! 753.6401884967654,11.0,-813.9382700708818
[20:47:03] [Server thread/INFO]: [AT_Studio: Teleported Kitsune_A to AT_Studio]
[20:47:18] [Server thread/WARN]: Mismatch in destroy block pos: class_2338{x=-379, y=71, z=482} class_2338{x=-372, y=70, z=490}
[20:47:18] [Server thread/WARN]: Mismatch in destroy block pos: class_2338{x=-379, y=71, z=482} class_2338{x=-372, y=70, z=490}
[20:50:05] [Server thread/WARN]: Mismatch in destroy block pos: class_2338{x=-381, y=65, z=484} class_2338{x=-383, y=64, z=484}
[20:50:05] [Server thread/WARN]: Mismatch in destroy block pos: class_2338{x=-381, y=65, z=484} class_2338{x=-383, y=64, z=484}
[20:54:33] [Server thread/WARN]: Mismatch in destroy block pos: class_2338{x=-384, y=62, z=484} class_2338{x=-383, y=62, z=485}
[20:54:33] [Server thread/WARN]: Mismatch in destroy block pos: class_2338{x=-384, y=62, z=484} class_2338{x=-383, y=62, z=485}
[20:54:33] [Server thread/WARN]: Mismatch in destroy block pos: class_2338{x=-383, y=61, z=484} class_2338{x=-383, y=62, z=485}
[20:56:21] [Server thread/WARN]: Mismatch in destroy block pos: class_2338{x=-395, y=62, z=497} class_2338{x=-394, y=62, z=497}
[20:59:10] [Server thread/WARN]: Mismatch in destroy block pos: class_2338{x=-365, y=70, z=497} class_2338{x=-365, y=67, z=498}
[20:59:10] [Server thread/WARN]: Mismatch in destroy block pos: class_2338{x=-365, y=70, z=497} class_2338{x=-365, y=67, z=498}
[20:59:10] [Server thread/WARN]: Mismatch in destroy block pos: class_2338{x=-365, y=70, z=497} class_2338{x=-365, y=67, z=498}
[21:00:45] [Server thread/INFO]: <AT_Studio> 要修稿子吗
[21:00:56] [Server thread/INFO]: <Kitsune_A> 还行
[21:02:00] [Server thread/INFO]: [AT_Studio: AT_Studio subscribed to tps.]
[21:02:08] [Server thread/WARN]: Mismatch in destroy block pos: class_2338{x=-360, y=60, z=483} class_2338{x=-360, y=61, z=484}
[21:02:08] [Server thread/WARN]: Mismatch in destroy block pos: class_2338{x=-361, y=62, z=484} class_2338{x=-361, y=60, z=483}
[21:02:16] [Server thread/WARN]: Mismatch in destroy block pos: class_2338{x=-362, y=61, z=485} class_2338{x=-362, y=62, z=485}
[21:04:53] [Server thread/WARN]: Mismatch in destroy block pos: class_2338{x=-373, y=57, z=486} class_2338{x=-374, y=58, z=487}
[21:04:53] [Server thread/WARN]: Mismatch in destroy block pos: class_2338{x=-373, y=57, z=486} class_2338{x=-374, y=58, z=487}
[21:04:53] [Server thread/WARN]: Mismatch in destroy block pos: class_2338{x=-373, y=57, z=486} class_2338{x=-374, y=58, z=487}
[21:04:59] [Server thread/WARN]: Mismatch in destroy block pos: class_2338{x=-373, y=62, z=490} class_2338{x=-373, y=62, z=491}
[21:06:34] [Server thread/WARN]: Mismatch in destroy block pos: class_2338{x=-374, y=63, z=479} class_2338{x=-375, y=63, z=478}
[21:06:55] [Server thread/WARN]: Mismatch in destroy block pos: class_2338{x=-378, y=63, z=479} class_2338{x=-379, y=63, z=479}
[21:07:11] [Server thread/WARN]: Mismatch in destroy block pos: class_2338{x=-378, y=64, z=479} class_2338{x=-378, y=64, z=478}
[21:07:25] [Server thread/WARN]: Mismatch in destroy block pos: class_2338{x=-378, y=64, z=479} class_2338{x=-379, y=65, z=480}
[21:08:52] [Server thread/WARN]: Mismatch in destroy block pos: class_2338{x=-373, y=67, z=498} class_2338{x=-373, y=66, z=498}
[21:08:55] [Server thread/WARN]: Mismatch in destroy block pos: class_2338{x=-382, y=66, z=499} class_2338{x=-383, y=66, z=499}
[21:08:55] [Server thread/WARN]: Mismatch in destroy block pos: class_2338{x=-383, y=65, z=499} class_2338{x=-383, y=66, z=499}
[21:08:55] [Server thread/WARN]: Mismatch in destroy block pos: class_2338{x=-383, y=65, z=499} class_2338{x=-384, y=66, z=499}
[21:08:55] [Server thread/WARN]: Mismatch in destroy block pos: class_2338{x=-383, y=65, z=499} class_2338{x=-384, y=66, z=499}
[21:10:33] [Server thread/INFO]: Kitsune_A has reached the goal [The Next Generation]
[21:10:37] [Server thread/INFO]: <Kitsune_A> ???
[21:10:40] [Server thread/INFO]: <AT_Studio> 送你了
[21:11:13] [Server thread/WARN]: AT_Studio moved wrongly!
[21:15:16] [Server thread/INFO]: <AT_Studio> 看我手里
[21:15:27] [Server thread/INFO]: <Kitsune_A> 卡掉了？
[21:15:30] [Server thread/INFO]: <Kitsune_A> 地狱的
[21:15:35] [Server thread/INFO]: <AT_Studio> 我昨天花了5个小时搞得
[21:15:45] [Server thread/INFO]: <AT_Studio> 挖了一块基岩
[21:15:45] [Server thread/INFO]: <Kitsune_A> 哈哈哈
[21:16:35] [Server thread/INFO]: <AT_Studio> 利用版本转移加区块复制的特性纯生存获取了1块基岩
[21:16:49] [Server thread/INFO]: <AT_Studio> 其实是2块，复制了1块
[21:17:04] [Server thread/INFO]: <AT_Studio> 我手里这个是最初的基岩
[21:17:27] [Server thread/WARN]: AT_Studio moved wrongly!
[21:18:23] [Server thread/INFO]: <AT_Studio> B站有教程
[21:18:54] [Server thread/INFO]: <Kitsune_A> 我们都挺养老的
[21:18:58] [Server thread/INFO]: <Kitsune_A> 懒得学这些
[21:21:20] [Server thread/INFO]: Kitsune_A drowned
[21:21:30] [Server thread/INFO]: <AT_Studio> hhhhh
[21:21:35] [Server thread/INFO]: [AT_Studio: Teleported Kitsune_A to AT_Studio]
[21:21:46] [Server thread/INFO]: <Kitsune_A> 我回去了
[21:22:20] [Server thread/INFO]: Kitsune_A drowned
[21:23:42] [Server thread/INFO]: <AT_Studio> hao
[21:23:54] [Server thread/WARN]: AT_Studio moved wrongly!
[21:25:20] [Server thread/INFO]: <AT_Studio> 我送你报酬
[21:25:26] [Server thread/INFO]: <AT_Studio> 快来
[21:25:47] [Server thread/INFO]: <Kitsune_A> ????????????????????????
[21:26:14] [Server thread/INFO]: <AT_Studio> 我挂会机
[21:26:18] [Server thread/INFO]: <Kitsune_A> 好
[21:34:20] [Server thread/INFO]: zwhzwh lost connection: Disconnected
[21:34:20] [Server thread/INFO]: zwhzwh left the game
[21:34:20] [Server thread/INFO]: Kitsune_A lost connection: Disconnected
[21:34:20] [Server thread/INFO]: Kitsune_A left the game
[22:08:04] [Server thread/INFO]: AT_Studio lost connection: Disconnected
[22:08:04] [Server thread/INFO]: AT_Studio left the game
[22:08:15] [Server thread/INFO]: Stopping the server
[22:08:15] [Server thread/INFO]: Stopping server
[22:08:15] [Server thread/INFO]: Saving players
[22:08:15] [Server thread/INFO]: Saving worlds
[22:08:15] [Server thread/INFO]: Saving chunks for level 'ServerLevel[world]'/minecraft:overworld
[22:08:15] [Server thread/INFO]: ThreadedAnvilChunkStorage (world): All chunks are saved
[22:08:15] [Server thread/INFO]: Saving chunks for level 'ServerLevel[world]'/minecraft:the_nether
[22:08:15] [Server thread/INFO]: ThreadedAnvilChunkStorage (DIM-1): All chunks are saved
[22:08:15] [Server thread/INFO]: Saving chunks for level 'ServerLevel[world]'/minecraft:the_end
[22:08:15] [Server thread/INFO]: ThreadedAnvilChunkStorage (DIM1): All chunks are saved
[22:08:15] [Server thread/INFO]: ThreadedAnvilChunkStorage (world): All chunks are saved
[22:08:15] [Server thread/INFO]: ThreadedAnvilChunkStorage (DIM-1): All chunks are saved
[22:08:15] [Server thread/INFO]: ThreadedAnvilChunkStorage (DIM1): All chunks are saved
